[debug] [2024-11-10T08:01:07.321Z] ----------------------------------------------------------------------
[debug] [2024-11-10T08:01:07.326Z] Command:       C:\Program Files\nodejs\node.exe C:\Users\Francis PC\AppData\Roaming\npm\node_modules\firebase-tools\lib\bin\firebase.js init
[debug] [2024-11-10T08:01:07.326Z] CLI Version:   13.24.2
[debug] [2024-11-10T08:01:07.327Z] Platform:      win32
[debug] [2024-11-10T08:01:07.327Z] Node Version:  v20.16.0
[debug] [2024-11-10T08:01:07.327Z] Time:          Sun Nov 10 2024 16:01:07 GMT+0800 (China Standard Time)
[debug] [2024-11-10T08:01:07.327Z] ----------------------------------------------------------------------
[debug] 
[debug] [2024-11-10T08:01:07.496Z] > command requires scopes: ["email","openid","https://www.googleapis.com/auth/cloudplatformprojects.readonly","https://www.googleapis.com/auth/firebase","https://www.googleapis.com/auth/cloud-platform"]
[debug] [2024-11-10T08:01:07.497Z] > authorizing via signed-in user (francisthedeveloper@gmail.com)
[info] 
     ######## #### ########  ######## ########     ###     ######  ########
     ##        ##  ##     ## ##       ##     ##  ##   ##  ##       ##
     ######    ##  ########  ######   ########  #########  ######  ######
     ##        ##  ##    ##  ##       ##     ## ##     ##       ## ##
     ##       #### ##     ## ######## ########  ##     ##  ######  ########

You're about to initialize a Firebase project in this directory:

  C:\Users\Francis PC\Desktop\Developer Works\PoweredbyNexure\Nexure\AngularApp

Before we get started, keep in mind:

  * You are initializing within an existing Firebase project directory

